<?xml version="1.0" encoding="UTF-8"?>
<!-- Generated by org.testng.reporters.JUnitXMLReporter -->
<testsuite hostname="LAPTOP-E5V544TN" name="Test" tests="3" failures="0" timestamp="5 Jul 2018 05:40:45 GMT" time="128.427" errors="0">
  <testcase name="loginPageTitleTest" time="0.026" classname="com.autopilot.TestCases.LoginPageTest"/>
  <testcase name="loginTest" time="8.999" classname="com.autopilot.TestCases.LoginPageTest"/>
  <testcase name="CreateProcessBasicDetailsTest" time="34.245" classname="com.autopilot.TestCases.ProcessDefPageTest"/>
</testsuite> <!-- Test -->
