<?xml version="1.0" encoding="UTF-8"?>
<!-- Generated by org.testng.reporters.JUnitXMLReporter -->
<testsuite hostname="LAPTOP-E5V544TN" name="Test" tests="3" failures="0" timestamp="7 Jul 2018 12:07:03 GMT" time="212.761" errors="0">
  <testcase name="loginPageTitleTest" time="0.053" classname="com.autopilot.TestCases.LoginPageTest"/>
  <testcase name="loginTest" time="10.924" classname="com.autopilot.TestCases.LoginPageTest"/>
  <testcase name="CreateProcessBasicDetailsTest" time="45.656" classname="com.autopilot.TestCases.ProcessDefPageTest"/>
</testsuite> <!-- Test -->
