<?xml version="1.0" encoding="UTF-8"?>
<testng-results skipped="0" failed="0" total="1" passed="1">
  <reporter-output>
  </reporter-output>
  <suite name="Default suite" duration-ms="62787" started-at="2018-07-24T07:44:53Z" finished-at="2018-07-24T07:45:56Z">
    <groups>
    </groups>
    <test name="Default test" duration-ms="62787" started-at="2018-07-24T07:44:53Z" finished-at="2018-07-24T07:45:56Z">
      <class name="com.autopilot.TestCases.ProcessDefPageTest">
        <test-method status="PASS" signature="setUp()[pri:0, instance:com.autopilot.TestCases.ProcessDefPageTest@39aeed2f]" name="setUp" is-config="true" duration-ms="37865" started-at="2018-07-24T13:14:54Z" finished-at="2018-07-24T13:15:31Z">
          <reporter-output>
          </reporter-output>
        </test-method> <!-- setUp -->
        <test-method status="PASS" signature="CreateProcessBasicDetailsTest(java.lang.String, java.lang.String, java.lang.String, java.lang.String)[pri:0, instance:com.autopilot.TestCases.ProcessDefPageTest@39aeed2f]" name="CreateProcessBasicDetailsTest" duration-ms="23293" started-at="2018-07-24T13:15:31Z" data-provider="getProcessDefBasicTestData" finished-at="2018-07-24T13:15:55Z">
          <params>
            <param index="0">
              <value>
                <![CDATA[Test Process UAT]]>
              </value>
            </param>
            <param index="1">
              <value>
                <![CDATA[TestHow]]>
              </value>
            </param>
            <param index="2">
              <value>
                <![CDATA[TestWhy]]>
              </value>
            </param>
            <param index="3">
              <value>
                <![CDATA[60.0]]>
              </value>
            </param>
          </params>
          <reporter-output>
          </reporter-output>
        </test-method> <!-- CreateProcessBasicDetailsTest -->
        <test-method status="PASS" signature="tearDown()[pri:0, instance:com.autopilot.TestCases.ProcessDefPageTest@39aeed2f]" name="tearDown" is-config="true" duration-ms="898" started-at="2018-07-24T13:15:55Z" finished-at="2018-07-24T13:15:56Z">
          <reporter-output>
          </reporter-output>
        </test-method> <!-- tearDown -->
      </class> <!-- com.autopilot.TestCases.ProcessDefPageTest -->
    </test> <!-- Default test -->
  </suite> <!-- Default suite -->
</testng-results>
